2021-03-12 12:45:26,427 INFO org.springframework.test.context.support.AbstractTestContextBootstrapper [main] Neither @ContextConfiguration nor @ContextHierarchy found for test class [com.rewards.application.RewardAppTests], using SpringBootContextLoader
2021-03-12 12:45:26,432 INFO org.springframework.test.context.support.AbstractContextLoader [main] Could not detect default resource locations for test class [com.rewards.application.RewardAppTests]: no resource found for suffixes {-context.xml, Context.groovy}.
2021-03-12 12:45:26,561 INFO org.springframework.test.context.support.AbstractTestContextBootstrapper [main] Loaded default TestExecutionListener class names from location [META-INF/spring.factories]: [org.springframework.boot.test.mock.mockito.MockitoTestExecutionListener, org.springframework.boot.test.mock.mockito.ResetMocksTestExecutionListener, org.springframework.boot.test.autoconfigure.restdocs.RestDocsTestExecutionListener, org.springframework.boot.test.autoconfigure.web.client.MockRestServiceServerResetTestExecutionListener, org.springframework.boot.test.autoconfigure.web.servlet.MockMvcPrintOnlyOnFailureTestExecutionListener, org.springframework.boot.test.autoconfigure.web.servlet.WebDriverTestExecutionListener, org.springframework.boot.test.autoconfigure.webservices.client.MockWebServiceServerTestExecutionListener, org.springframework.test.context.web.ServletTestExecutionListener, org.springframework.test.context.support.DirtiesContextBeforeModesTestExecutionListener, org.springframework.test.context.support.DependencyInjectionTestExecutionListener, org.springframework.test.context.support.DirtiesContextTestExecutionListener, org.springframework.test.context.transaction.TransactionalTestExecutionListener, org.springframework.test.context.jdbc.SqlScriptsTestExecutionListener, org.springframework.test.context.event.EventPublishingTestExecutionListener]
2021-03-12 12:45:26,574 INFO org.springframework.test.context.support.AbstractTestContextBootstrapper [main] Using TestExecutionListeners: [org.springframework.test.context.web.ServletTestExecutionListener@fade1fc, org.springframework.test.context.support.DirtiesContextBeforeModesTestExecutionListener@67c2e933, org.springframework.boot.test.mock.mockito.MockitoTestExecutionListener@41dd05a, org.springframework.boot.test.autoconfigure.SpringBootDependencyInjectionTestExecutionListener@613a8ee1, org.springframework.test.context.support.DirtiesContextTestExecutionListener@178213b, org.springframework.test.context.transaction.TransactionalTestExecutionListener@7103cb56, org.springframework.test.context.jdbc.SqlScriptsTestExecutionListener@1b765a2c, org.springframework.test.context.event.EventPublishingTestExecutionListener@2e8e8225, org.springframework.boot.test.mock.mockito.ResetMocksTestExecutionListener@6ebf0f36, org.springframework.boot.test.autoconfigure.restdocs.RestDocsTestExecutionListener@18920cc, org.springframework.boot.test.autoconfigure.web.client.MockRestServiceServerResetTestExecutionListener@2807bdeb, org.springframework.boot.test.autoconfigure.web.servlet.MockMvcPrintOnlyOnFailureTestExecutionListener@72c28d64, org.springframework.boot.test.autoconfigure.web.servlet.WebDriverTestExecutionListener@6492fab5, org.springframework.boot.test.autoconfigure.webservices.client.MockWebServiceServerTestExecutionListener@2c5529ab]
2021-03-12 12:45:26,793 INFO org.springframework.boot.StartupInfoLogger [main] Starting RewardAppTests using Java 14.0.1 on DESKTOP-L7MO6CG with PID 16544 (started by saiki in F:\Anusha Personal\application)
2021-03-12 12:45:26,795 INFO org.springframework.boot.SpringApplication [main] No active profile set, falling back to default profiles: default
2021-03-12 12:45:32,450 INFO org.springframework.boot.web.embedded.tomcat.TomcatWebServer [main] Tomcat initialized with port(s): 0 (http)
2021-03-12 12:45:32,457 INFO org.apache.juli.logging.DirectJDKLog [main] Initializing ProtocolHandler ["http-nio-auto-1"]
2021-03-12 12:45:32,458 INFO org.apache.juli.logging.DirectJDKLog [main] Starting service [Tomcat]
2021-03-12 12:45:32,458 INFO org.apache.juli.logging.DirectJDKLog [main] Starting Servlet engine: [Apache Tomcat/9.0.39]
2021-03-12 12:45:32,545 INFO org.apache.juli.logging.DirectJDKLog [main] Initializing Spring embedded WebApplicationContext
2021-03-12 12:45:32,546 INFO org.springframework.boot.web.servlet.context.ServletWebServerApplicationContext [main] Root WebApplicationContext: initialization completed in 5560 ms
2021-03-12 12:45:32,584 INFO org.springframework.jdbc.datasource.embedded.EmbeddedDatabaseFactory [main] Starting embedded database: url='jdbc:h2:mem:testdb;DB_CLOSE_DELAY=-1;DB_CLOSE_ON_EXIT=false', username='sa'
2021-03-12 12:45:33,214 INFO org.springframework.scheduling.concurrent.ExecutorConfigurationSupport [main] Initializing ExecutorService 'applicationTaskExecutor'
2021-03-12 12:45:34,223 INFO org.apache.juli.logging.DirectJDKLog [main] Starting ProtocolHandler ["http-nio-auto-1"]
2021-03-12 12:45:34,250 INFO org.springframework.boot.web.embedded.tomcat.TomcatWebServer [main] Tomcat started on port(s): 60327 (http) with context path ''
2021-03-12 12:45:34,262 INFO org.springframework.boot.StartupInfoLogger [main] Started RewardAppTests in 7.659 seconds (JVM running for 8.403)
2021-03-12 12:45:34,808 INFO org.springframework.scheduling.concurrent.ExecutorConfigurationSupport [SpringContextShutdownHook] Shutting down ExecutorService 'applicationTaskExecutor'
2021-03-12 12:45:34,810 INFO org.springframework.jdbc.datasource.embedded.EmbeddedDatabaseFactory [SpringContextShutdownHook] Shutting down embedded database: url='jdbc:h2:mem:testdb;DB_CLOSE_DELAY=-1;DB_CLOSE_ON_EXIT=false'
2021-03-12 12:45:59,208 INFO org.springframework.boot.StartupInfoLogger [main] Starting RewardApp using Java 14.0.1 on DESKTOP-L7MO6CG with PID 20712 (F:\Anusha Personal\application\target\classes started by saiki in F:\Anusha Personal\application)
2021-03-12 12:45:59,222 INFO org.springframework.boot.SpringApplication [main] No active profile set, falling back to default profiles: default
2021-03-12 12:46:02,292 INFO org.springframework.boot.web.embedded.tomcat.TomcatWebServer [main] Tomcat initialized with port(s): 8080 (http)
2021-03-12 12:46:02,296 INFO org.apache.juli.logging.DirectJDKLog [main] Initializing ProtocolHandler ["http-nio-8080"]
2021-03-12 12:46:02,296 INFO org.apache.juli.logging.DirectJDKLog [main] Starting service [Tomcat]
2021-03-12 12:46:02,297 INFO org.apache.juli.logging.DirectJDKLog [main] Starting Servlet engine: [Apache Tomcat/9.0.39]
2021-03-12 12:46:02,341 INFO org.apache.juli.logging.DirectJDKLog [main] Initializing Spring embedded WebApplicationContext
2021-03-12 12:46:02,342 INFO org.springframework.boot.web.servlet.context.ServletWebServerApplicationContext [main] Root WebApplicationContext: initialization completed in 2790 ms
2021-03-12 12:46:02,357 INFO org.springframework.jdbc.datasource.embedded.EmbeddedDatabaseFactory [main] Starting embedded database: url='jdbc:h2:mem:testdb;DB_CLOSE_DELAY=-1;DB_CLOSE_ON_EXIT=false', username='sa'
2021-03-12 12:46:02,578 INFO org.springframework.scheduling.concurrent.ExecutorConfigurationSupport [main] Initializing ExecutorService 'applicationTaskExecutor'
2021-03-12 12:46:02,935 INFO org.apache.juli.logging.DirectJDKLog [main] Starting ProtocolHandler ["http-nio-8080"]
2021-03-12 12:46:02,949 INFO org.springframework.boot.web.embedded.tomcat.TomcatWebServer [main] Tomcat started on port(s): 8080 (http) with context path ''
2021-03-12 12:46:02,955 INFO org.springframework.boot.StartupInfoLogger [main] Started RewardApp in 6.029 seconds (JVM running for 6.729)
2021-03-12 12:46:28,587 INFO org.apache.juli.logging.DirectJDKLog [http-nio-8080-exec-1] Initializing Spring DispatcherServlet 'dispatcherServlet'
2021-03-12 12:46:28,587 INFO org.springframework.web.servlet.FrameworkServlet [http-nio-8080-exec-1] Initializing Servlet 'dispatcherServlet'
2021-03-12 12:46:28,588 INFO org.springframework.web.servlet.FrameworkServlet [http-nio-8080-exec-1] Completed initialization in 1 ms
2021-03-12 12:47:01,252 INFO org.springdoc.api.AbstractOpenApiResource [http-nio-8080-exec-3] Init duration for springdoc-openapi is: 109 ms
2021-03-12 12:48:09,042 INFO org.springframework.boot.admin.SpringApplicationAdminMXBeanRegistrar$SpringApplicationAdmin [RMI TCP Connection(4)-127.0.0.1] Application shutdown requested.
2021-03-12 12:48:09,104 INFO org.springframework.scheduling.concurrent.ExecutorConfigurationSupport [RMI TCP Connection(4)-127.0.0.1] Shutting down ExecutorService 'applicationTaskExecutor'
2021-03-12 12:48:09,105 INFO org.springframework.jdbc.datasource.embedded.EmbeddedDatabaseFactory [RMI TCP Connection(4)-127.0.0.1] Shutting down embedded database: url='jdbc:h2:mem:testdb;DB_CLOSE_DELAY=-1;DB_CLOSE_ON_EXIT=false'
2021-03-12 12:51:28,378 INFO org.springframework.boot.StartupInfoLogger [main] Starting RewardApp using Java 14.0.1 on DESKTOP-L7MO6CG with PID 15440 (F:\Anusha Personal\application\target\classes started by saiki in F:\Anusha Personal\application)
2021-03-12 12:51:28,380 INFO org.springframework.boot.SpringApplication [main] No active profile set, falling back to default profiles: default
2021-03-12 12:51:28,953 INFO org.springframework.boot.web.embedded.tomcat.TomcatWebServer [main] Tomcat initialized with port(s): 8080 (http)
2021-03-12 12:51:28,957 INFO org.apache.juli.logging.DirectJDKLog [main] Initializing ProtocolHandler ["http-nio-8080"]
2021-03-12 12:51:28,957 INFO org.apache.juli.logging.DirectJDKLog [main] Starting service [Tomcat]
2021-03-12 12:51:28,958 INFO org.apache.juli.logging.DirectJDKLog [main] Starting Servlet engine: [Apache Tomcat/9.0.39]
2021-03-12 12:51:29,024 INFO org.apache.juli.logging.DirectJDKLog [main] Initializing Spring embedded WebApplicationContext
2021-03-12 12:51:29,024 INFO org.springframework.boot.web.servlet.context.ServletWebServerApplicationContext [main] Root WebApplicationContext: initialization completed in 611 ms
2021-03-12 12:51:29,037 INFO org.springframework.jdbc.datasource.embedded.EmbeddedDatabaseFactory [main] Starting embedded database: url='jdbc:h2:mem:testdb;DB_CLOSE_DELAY=-1;DB_CLOSE_ON_EXIT=false', username='sa'
2021-03-12 12:51:29,250 INFO org.springframework.scheduling.concurrent.ExecutorConfigurationSupport [main] Initializing ExecutorService 'applicationTaskExecutor'
2021-03-12 12:51:29,590 INFO org.apache.juli.logging.DirectJDKLog [main] Starting ProtocolHandler ["http-nio-8080"]
2021-03-12 12:51:29,604 INFO org.springframework.boot.web.embedded.tomcat.TomcatWebServer [main] Tomcat started on port(s): 8080 (http) with context path ''
2021-03-12 12:51:29,611 INFO org.springframework.boot.StartupInfoLogger [main] Started RewardApp in 1.41 seconds (JVM running for 1.851)
2021-03-12 12:54:12,590 INFO org.apache.juli.logging.DirectJDKLog [http-nio-8080-exec-4] Initializing Spring DispatcherServlet 'dispatcherServlet'
2021-03-12 12:54:12,590 INFO org.springframework.web.servlet.FrameworkServlet [http-nio-8080-exec-4] Initializing Servlet 'dispatcherServlet'
2021-03-12 12:54:12,591 INFO org.springframework.web.servlet.FrameworkServlet [http-nio-8080-exec-4] Completed initialization in 0 ms
2021-03-12 12:54:12,611 INFO com.rewards.dao.TransactionDaoImpl [http-nio-8080-exec-4] Result from Database is [DailyTransaction{id=2, userId='bob', amount=120.0, txnDate=2021-01-08}, DailyTransaction{id=3, userId='bob', amount=120.0, txnDate=2021-03-08}, DailyTransaction{id=4, userId='bob', amount=120.0, txnDate=2021-03-08}]
2021-03-12 12:54:12,613 INFO com.rewards.controller.TransactionController [http-nio-8080-exec-4] Results are RewardsResult{monthlyRewardsList=[MonthlyRewards{month=January 2021, rewards=90}, MonthlyRewards{month=March 2021, rewards=330}], totalRewards=420}
2021-03-12 12:58:57,741 INFO org.springframework.boot.admin.SpringApplicationAdminMXBeanRegistrar$SpringApplicationAdmin [RMI TCP Connection(11)-127.0.0.1] Application shutdown requested.
2021-03-12 12:58:57,805 INFO org.springframework.scheduling.concurrent.ExecutorConfigurationSupport [RMI TCP Connection(11)-127.0.0.1] Shutting down ExecutorService 'applicationTaskExecutor'
2021-03-12 12:58:57,806 INFO org.springframework.jdbc.datasource.embedded.EmbeddedDatabaseFactory [RMI TCP Connection(11)-127.0.0.1] Shutting down embedded database: url='jdbc:h2:mem:testdb;DB_CLOSE_DELAY=-1;DB_CLOSE_ON_EXIT=false'
2021-03-12 12:59:04,807 INFO org.springframework.boot.StartupInfoLogger [main] Starting RewardApp using Java 14.0.1 on DESKTOP-L7MO6CG with PID 20608 (F:\Anusha Personal\application\target\classes started by saiki in F:\Anusha Personal\application)
2021-03-12 12:59:04,808 INFO org.springframework.boot.SpringApplication [main] No active profile set, falling back to default profiles: default
2021-03-12 12:59:05,375 INFO org.springframework.boot.web.embedded.tomcat.TomcatWebServer [main] Tomcat initialized with port(s): 8080 (http)
2021-03-12 12:59:05,380 INFO org.apache.juli.logging.DirectJDKLog [main] Initializing ProtocolHandler ["http-nio-8080"]
2021-03-12 12:59:05,380 INFO org.apache.juli.logging.DirectJDKLog [main] Starting service [Tomcat]
2021-03-12 12:59:05,380 INFO org.apache.juli.logging.DirectJDKLog [main] Starting Servlet engine: [Apache Tomcat/9.0.39]
2021-03-12 12:59:05,445 INFO org.apache.juli.logging.DirectJDKLog [main] Initializing Spring embedded WebApplicationContext
2021-03-12 12:59:05,445 INFO org.springframework.boot.web.servlet.context.ServletWebServerApplicationContext [main] Root WebApplicationContext: initialization completed in 608 ms
2021-03-12 12:59:05,459 INFO org.springframework.jdbc.datasource.embedded.EmbeddedDatabaseFactory [main] Starting embedded database: url='jdbc:h2:mem:testdb;DB_CLOSE_DELAY=-1;DB_CLOSE_ON_EXIT=false', username='sa'
2021-03-12 12:59:05,675 INFO org.springframework.scheduling.concurrent.ExecutorConfigurationSupport [main] Initializing ExecutorService 'applicationTaskExecutor'
2021-03-12 12:59:06,016 INFO org.apache.juli.logging.DirectJDKLog [main] Starting ProtocolHandler ["http-nio-8080"]
2021-03-12 12:59:06,031 INFO org.springframework.boot.web.embedded.tomcat.TomcatWebServer [main] Tomcat started on port(s): 8080 (http) with context path ''
2021-03-12 12:59:06,038 INFO org.springframework.boot.StartupInfoLogger [main] Started RewardApp in 1.426 seconds (JVM running for 1.853)
2021-03-12 12:59:45,586 INFO org.springframework.boot.admin.SpringApplicationAdminMXBeanRegistrar$SpringApplicationAdmin [RMI TCP Connection(4)-127.0.0.1] Application shutdown requested.
2021-03-12 12:59:45,650 INFO org.springframework.scheduling.concurrent.ExecutorConfigurationSupport [RMI TCP Connection(4)-127.0.0.1] Shutting down ExecutorService 'applicationTaskExecutor'
2021-03-12 12:59:45,651 INFO org.springframework.jdbc.datasource.embedded.EmbeddedDatabaseFactory [RMI TCP Connection(4)-127.0.0.1] Shutting down embedded database: url='jdbc:h2:mem:testdb;DB_CLOSE_DELAY=-1;DB_CLOSE_ON_EXIT=false'
2021-03-12 12:59:49,579 INFO org.springframework.boot.StartupInfoLogger [main] Starting RewardApp using Java 14.0.1 on DESKTOP-L7MO6CG with PID 13280 (F:\Anusha Personal\application\target\classes started by saiki in F:\Anusha Personal\application)
2021-03-12 12:59:49,581 INFO org.springframework.boot.SpringApplication [main] No active profile set, falling back to default profiles: default
2021-03-12 12:59:50,170 INFO org.springframework.boot.web.embedded.tomcat.TomcatWebServer [main] Tomcat initialized with port(s): 8080 (http)
2021-03-12 12:59:50,174 INFO org.apache.juli.logging.DirectJDKLog [main] Initializing ProtocolHandler ["http-nio-8080"]
2021-03-12 12:59:50,175 INFO org.apache.juli.logging.DirectJDKLog [main] Starting service [Tomcat]
2021-03-12 12:59:50,175 INFO org.apache.juli.logging.DirectJDKLog [main] Starting Servlet engine: [Apache Tomcat/9.0.39]
2021-03-12 12:59:50,233 INFO org.apache.juli.logging.DirectJDKLog [main] Initializing Spring embedded WebApplicationContext
2021-03-12 12:59:50,234 INFO org.springframework.boot.web.servlet.context.ServletWebServerApplicationContext [main] Root WebApplicationContext: initialization completed in 623 ms
2021-03-12 12:59:50,247 INFO org.springframework.jdbc.datasource.embedded.EmbeddedDatabaseFactory [main] Starting embedded database: url='jdbc:h2:mem:testdb;DB_CLOSE_DELAY=-1;DB_CLOSE_ON_EXIT=false', username='sa'
2021-03-12 12:59:50,461 INFO org.springframework.scheduling.concurrent.ExecutorConfigurationSupport [main] Initializing ExecutorService 'applicationTaskExecutor'
2021-03-12 12:59:50,803 INFO org.apache.juli.logging.DirectJDKLog [main] Starting ProtocolHandler ["http-nio-8080"]
2021-03-12 12:59:50,816 INFO org.springframework.boot.web.embedded.tomcat.TomcatWebServer [main] Tomcat started on port(s): 8080 (http) with context path ''
2021-03-12 12:59:50,823 INFO org.springframework.boot.StartupInfoLogger [main] Started RewardApp in 1.42 seconds (JVM running for 1.851)
2021-03-12 13:00:02,497 INFO org.springframework.boot.admin.SpringApplicationAdminMXBeanRegistrar$SpringApplicationAdmin [RMI TCP Connection(2)-127.0.0.1] Application shutdown requested.
2021-03-12 13:00:02,569 INFO org.springframework.scheduling.concurrent.ExecutorConfigurationSupport [RMI TCP Connection(2)-127.0.0.1] Shutting down ExecutorService 'applicationTaskExecutor'
2021-03-12 13:00:02,570 INFO org.springframework.jdbc.datasource.embedded.EmbeddedDatabaseFactory [RMI TCP Connection(2)-127.0.0.1] Shutting down embedded database: url='jdbc:h2:mem:testdb;DB_CLOSE_DELAY=-1;DB_CLOSE_ON_EXIT=false'
2021-03-12 13:00:29,662 INFO org.springframework.test.context.support.AbstractTestContextBootstrapper [main] Neither @ContextConfiguration nor @ContextHierarchy found for test class [com.rewards.application.RewardAppTests], using SpringBootContextLoader
2021-03-12 13:00:29,667 INFO org.springframework.test.context.support.AbstractContextLoader [main] Could not detect default resource locations for test class [com.rewards.application.RewardAppTests]: no resource found for suffixes {-context.xml, Context.groovy}.
2021-03-12 13:00:29,807 INFO org.springframework.test.context.support.AbstractTestContextBootstrapper [main] Loaded default TestExecutionListener class names from location [META-INF/spring.factories]: [org.springframework.boot.test.mock.mockito.MockitoTestExecutionListener, org.springframework.boot.test.mock.mockito.ResetMocksTestExecutionListener, org.springframework.boot.test.autoconfigure.restdocs.RestDocsTestExecutionListener, org.springframework.boot.test.autoconfigure.web.client.MockRestServiceServerResetTestExecutionListener, org.springframework.boot.test.autoconfigure.web.servlet.MockMvcPrintOnlyOnFailureTestExecutionListener, org.springframework.boot.test.autoconfigure.web.servlet.WebDriverTestExecutionListener, org.springframework.boot.test.autoconfigure.webservices.client.MockWebServiceServerTestExecutionListener, org.springframework.test.context.web.ServletTestExecutionListener, org.springframework.test.context.support.DirtiesContextBeforeModesTestExecutionListener, org.springframework.test.context.support.DependencyInjectionTestExecutionListener, org.springframework.test.context.support.DirtiesContextTestExecutionListener, org.springframework.test.context.transaction.TransactionalTestExecutionListener, org.springframework.test.context.jdbc.SqlScriptsTestExecutionListener, org.springframework.test.context.event.EventPublishingTestExecutionListener]
2021-03-12 13:00:29,821 INFO org.springframework.test.context.support.AbstractTestContextBootstrapper [main] Using TestExecutionListeners: [org.springframework.test.context.web.ServletTestExecutionListener@1b765a2c, org.springframework.test.context.support.DirtiesContextBeforeModesTestExecutionListener@2e8e8225, org.springframework.boot.test.mock.mockito.MockitoTestExecutionListener@6ebf0f36, org.springframework.boot.test.autoconfigure.SpringBootDependencyInjectionTestExecutionListener@18920cc, org.springframework.test.context.support.DirtiesContextTestExecutionListener@2807bdeb, org.springframework.test.context.transaction.TransactionalTestExecutionListener@72c28d64, org.springframework.test.context.jdbc.SqlScriptsTestExecutionListener@6492fab5, org.springframework.test.context.event.EventPublishingTestExecutionListener@2c5529ab, org.springframework.boot.test.mock.mockito.ResetMocksTestExecutionListener@39a8312f, org.springframework.boot.test.autoconfigure.restdocs.RestDocsTestExecutionListener@5f6722d3, org.springframework.boot.test.autoconfigure.web.client.MockRestServiceServerResetTestExecutionListener@2c532cd8, org.springframework.boot.test.autoconfigure.web.servlet.MockMvcPrintOnlyOnFailureTestExecutionListener@294e5088, org.springframework.boot.test.autoconfigure.web.servlet.WebDriverTestExecutionListener@51972dc7, org.springframework.boot.test.autoconfigure.webservices.client.MockWebServiceServerTestExecutionListener@3700ec9c]
2021-03-12 13:00:31,390 INFO org.springframework.boot.StartupInfoLogger [main] Starting RewardAppTests using Java 14.0.1 on DESKTOP-L7MO6CG with PID 18464 (started by saiki in F:\Anusha Personal\application)
2021-03-12 13:00:31,419 INFO org.springframework.boot.SpringApplication [main] No active profile set, falling back to default profiles: default
2021-03-12 13:00:35,667 INFO org.springframework.boot.web.embedded.tomcat.TomcatWebServer [main] Tomcat initialized with port(s): 0 (http)
2021-03-12 13:00:35,674 INFO org.apache.juli.logging.DirectJDKLog [main] Initializing ProtocolHandler ["http-nio-auto-1"]
2021-03-12 13:00:35,675 INFO org.apache.juli.logging.DirectJDKLog [main] Starting service [Tomcat]
2021-03-12 13:00:35,675 INFO org.apache.juli.logging.DirectJDKLog [main] Starting Servlet engine: [Apache Tomcat/9.0.39]
2021-03-12 13:00:35,762 INFO org.apache.juli.logging.DirectJDKLog [main] Initializing Spring embedded WebApplicationContext
2021-03-12 13:00:35,763 INFO org.springframework.boot.web.servlet.context.ServletWebServerApplicationContext [main] Root WebApplicationContext: initialization completed in 4136 ms
2021-03-12 13:00:35,799 INFO org.springframework.jdbc.datasource.embedded.EmbeddedDatabaseFactory [main] Starting embedded database: url='jdbc:h2:mem:testdb;DB_CLOSE_DELAY=-1;DB_CLOSE_ON_EXIT=false', username='sa'
2021-03-12 13:00:36,382 INFO org.springframework.scheduling.concurrent.ExecutorConfigurationSupport [main] Initializing ExecutorService 'applicationTaskExecutor'
2021-03-12 13:00:37,292 INFO org.apache.juli.logging.DirectJDKLog [main] Starting ProtocolHandler ["http-nio-auto-1"]
2021-03-12 13:00:37,316 INFO org.springframework.boot.web.embedded.tomcat.TomcatWebServer [main] Tomcat started on port(s): 60536 (http) with context path ''
2021-03-12 13:00:37,324 INFO org.springframework.boot.StartupInfoLogger [main] Started RewardAppTests in 7.469 seconds (JVM running for 8.199)
2021-03-12 13:00:37,757 INFO org.springframework.scheduling.concurrent.ExecutorConfigurationSupport [SpringContextShutdownHook] Shutting down ExecutorService 'applicationTaskExecutor'
2021-03-12 13:00:37,758 INFO org.springframework.jdbc.datasource.embedded.EmbeddedDatabaseFactory [SpringContextShutdownHook] Shutting down embedded database: url='jdbc:h2:mem:testdb;DB_CLOSE_DELAY=-1;DB_CLOSE_ON_EXIT=false'
2021-03-12 13:01:04,290 INFO org.springframework.boot.StartupInfoLogger [main] Starting RewardApp using Java 14.0.1 on DESKTOP-L7MO6CG with PID 19928 (F:\Anusha Personal\application\target\classes started by saiki in F:\Anusha Personal\application)
2021-03-12 13:01:04,297 INFO org.springframework.boot.SpringApplication [main] No active profile set, falling back to default profiles: default
2021-03-12 13:01:04,860 INFO org.springframework.boot.web.embedded.tomcat.TomcatWebServer [main] Tomcat initialized with port(s): 8080 (http)
2021-03-12 13:01:04,864 INFO org.apache.juli.logging.DirectJDKLog [main] Initializing ProtocolHandler ["http-nio-8080"]
2021-03-12 13:01:04,865 INFO org.apache.juli.logging.DirectJDKLog [main] Starting service [Tomcat]
2021-03-12 13:01:04,865 INFO org.apache.juli.logging.DirectJDKLog [main] Starting Servlet engine: [Apache Tomcat/9.0.39]
2021-03-12 13:01:04,920 INFO org.apache.juli.logging.DirectJDKLog [main] Initializing Spring embedded WebApplicationContext
2021-03-12 13:01:04,921 INFO org.springframework.boot.web.servlet.context.ServletWebServerApplicationContext [main] Root WebApplicationContext: initialization completed in 600 ms
2021-03-12 13:01:04,934 INFO org.springframework.jdbc.datasource.embedded.EmbeddedDatabaseFactory [main] Starting embedded database: url='jdbc:h2:mem:testdb;DB_CLOSE_DELAY=-1;DB_CLOSE_ON_EXIT=false', username='sa'
2021-03-12 13:01:05,160 INFO org.springframework.scheduling.concurrent.ExecutorConfigurationSupport [main] Initializing ExecutorService 'applicationTaskExecutor'
2021-03-12 13:01:05,509 INFO org.apache.juli.logging.DirectJDKLog [main] Starting ProtocolHandler ["http-nio-8080"]
2021-03-12 13:01:05,522 INFO org.springframework.boot.web.embedded.tomcat.TomcatWebServer [main] Tomcat started on port(s): 8080 (http) with context path ''
2021-03-12 13:01:05,529 INFO org.springframework.boot.StartupInfoLogger [main] Started RewardApp in 1.41 seconds (JVM running for 1.846)
2021-03-12 13:03:22,734 INFO org.apache.juli.logging.DirectJDKLog [http-nio-8080-exec-2] Initializing Spring DispatcherServlet 'dispatcherServlet'
2021-03-12 13:03:22,734 INFO org.springframework.web.servlet.FrameworkServlet [http-nio-8080-exec-2] Initializing Servlet 'dispatcherServlet'
2021-03-12 13:03:22,735 INFO org.springframework.web.servlet.FrameworkServlet [http-nio-8080-exec-2] Completed initialization in 1 ms
2021-03-12 13:03:30,745 INFO com.rewards.dao.TransactionDaoImpl [http-nio-8080-exec-8] Result from Database is [DailyTransaction{id=2, userId='bob', amount=120.0, txnDate=2021-01-08}, DailyTransaction{id=3, userId='bob', amount=120.0, txnDate=2021-03-08}, DailyTransaction{id=4, userId='bob', amount=120.0, txnDate=2021-03-08}]
2021-03-12 13:03:30,748 INFO com.rewards.controller.TransactionController [http-nio-8080-exec-8] Results are RewardsResult{monthlyRewardsList=[MonthlyRewards{month=January 2021, rewards=90}, MonthlyRewards{month=March 2021, rewards=330}], totalRewards=420}
2021-03-12 13:07:01,083 INFO com.rewards.dao.TransactionDaoImpl [http-nio-8080-exec-10] Result from Database is [DailyTransaction{id=6, userId='alice', amount=51.0, txnDate=2021-01-08}, DailyTransaction{id=7, userId='alice', amount=51.0, txnDate=2021-03-08}, DailyTransaction{id=8, userId='alice', amount=51.0, txnDate=2021-03-08}]
2021-03-12 13:07:01,083 INFO com.rewards.controller.TransactionController [http-nio-8080-exec-10] Results are RewardsResult{monthlyRewardsList=[MonthlyRewards{month=January 2021, rewards=1}, MonthlyRewards{month=March 2021, rewards=54}], totalRewards=55}
2021-03-12 14:50:40,598 INFO org.springframework.boot.admin.SpringApplicationAdminMXBeanRegistrar$SpringApplicationAdmin [RMI TCP Connection(28)-127.0.0.1] Application shutdown requested.
2021-03-12 14:50:40,661 INFO org.springframework.scheduling.concurrent.ExecutorConfigurationSupport [RMI TCP Connection(28)-127.0.0.1] Shutting down ExecutorService 'applicationTaskExecutor'
2021-03-12 14:50:40,662 INFO org.springframework.jdbc.datasource.embedded.EmbeddedDatabaseFactory [RMI TCP Connection(28)-127.0.0.1] Shutting down embedded database: url='jdbc:h2:mem:testdb;DB_CLOSE_DELAY=-1;DB_CLOSE_ON_EXIT=false'
